<?xml version="1.0" encoding="UTF-8"?>
<testsuite xmlns:xsi="http://www.w3.org/2001/XMLSchema-instance" xsi:noNamespaceSchemaLocation="https://maven.apache.org/surefire/maven-failsafe-plugin/xsd/failsafe-test-report-3.0.xsd" version="3.0" name="starter.CucumberTestSuite" time="45.315" tests="6" errors="0" skipped="0" failures="0">
  <properties>
[...]
</properties>
  <testcase name="I open login page" classname="User cancel logout" time="18.91">
    <system-out><![CDATA[13:44:52.456 [main] DEBUG net.thucydides.core.guice.Injectors - Created injector for module net.thucydides.core.guice.ThucydidesModule
13:44:52.933 [main] DEBUG io.cucumber.core.plugin.SerenityReporter - Running feature from file:///D:/Kuliah/MSIB/Batch%204/Alterra-%20SQE/Capstone/Mobile%20Serenity/CapstoneMobile/src/test/resources/feature/Logout.feature
13:44:52.934 [main] WARN io.cucumber.core.plugin.SerenityReporter - Feature from file:///D:/Kuliah/MSIB/Batch%204/Alterra-%20SQE/Capstone/Mobile%20Serenity/CapstoneMobile/src/test/resources/feature/Logout.feature is not under the 'features' directory. Requirements report will not be correctly generated!
13:44:53.246 [main] DEBUG net.thucydides.core.guice.Injectors - Created injector for module net.thucydides.core.guice.webdriver.WebDriverModule
13:44:53.282 [main] INFO  - 

-------------------------------------------------------------------------------------
     _______. _______ .______       _______ .__   __.  __  .___________.____    ____ 
    /       ||   ____||   _  \     |   ____||  \ |  | |  | |           |\   \  /   / 
   |   (----`|  |__   |  |_)  |    |  |__   |   \|  | |  | `---|  |----` \   \/   /  
    \   \    |   __|  |      /     |   __|  |  . `  | |  |     |  |       \_    _/   
.----)   |   |  |____ |  |\  \----.|  |____ |  |\   | |  |     |  |         |  |     
|_______/    |_______|| _| `._____||_______||__| \__| |__|     |__|         |__|    
                                                                                     
 News and tutorials at http://www.serenity-bdd.info                                  
 Documentation at https://wakaleo.gitbooks.io/the-serenity-book/content/             
 Join the Serenity Community on Gitter: https://gitter.im/serenity-bdd/serenity-core 
 Serenity BDD Support and Training at http://serenity-bdd.info/#/trainingandsupport  
-------------------------------------------------------------------------------------

13:44:53.285 [main] DEBUG net.thucydides.core.steps.StepEventBus - Test suite started for story net.thucydides.core.model.Story@4f7d12a0
13:44:53.292 [main] INFO  - Test Suite Started: Logout
13:44:53.332 [main] DEBUG io.cucumber.core.plugin.SerenityReporter - Running feature from file:///D:/Kuliah/MSIB/Batch%204/Alterra-%20SQE/Capstone/Mobile%20Serenity/CapstoneMobile/src/test/resources/feature/Logout.feature
13:44:53.332 [main] WARN io.cucumber.core.plugin.SerenityReporter - Feature from file:///D:/Kuliah/MSIB/Batch%204/Alterra-%20SQE/Capstone/Mobile%20Serenity/CapstoneMobile/src/test/resources/feature/Logout.feature is not under the 'features' directory. Requirements report will not be correctly generated!
13:44:53.336 [main] DEBUG net.thucydides.core.steps.StepEventBus - Test suite started for story net.thucydides.core.model.Story@4f7d12a0
13:44:53.337 [main] INFO  - Test Suite Started: Logout
13:44:53.452 [main] DEBUG io.cucumber.core.plugin.SerenityReporter - Running feature from file:///D:/Kuliah/MSIB/Batch%204/Alterra-%20SQE/Capstone/Mobile%20Serenity/CapstoneMobile/src/test/resources/feature/Logout.feature
13:44:53.452 [main] WARN io.cucumber.core.plugin.SerenityReporter - Feature from file:///D:/Kuliah/MSIB/Batch%204/Alterra-%20SQE/Capstone/Mobile%20Serenity/CapstoneMobile/src/test/resources/feature/Logout.feature is not under the 'features' directory. Requirements report will not be correctly generated!
13:44:53.706 [main] INFO  - 
  _____   ___   ___   _____     ___   _____     _     ___   _____   ___   ___  
 |_   _| | __| / __| |_   _|   / __| |_   _|   /_\   | _ \ |_   _| | __| |   \ 
   | |   | _|  \__ \   | |     \__ \   | |    / _ \  |   /   | |   | _|  | |) |
   |_|   |___| |___/   |_|     |___/   |_|   /_/ \_\ |_|_\   |_|   |___| |___/ 

User cancel logout(logout;user-cancel-logout)
--------------------------------------------------------------------------------
13:44:54.804 [main] DEBUG net.thucydides.core.steps.StepInterceptor - STARTING STEP: LogoutSteps.onTheHomepage - firstOpenApplication
13:44:54.979 [main] DEBUG io.netty.util.internal.logging.InternalLoggerFactory - Using SLF4J as the default logging framework
13:44:54.986 [main] DEBUG io.netty.util.ResourceLeakDetector - -Dio.netty.leakDetection.level: simple
13:44:54.986 [main] DEBUG io.netty.util.ResourceLeakDetector - -Dio.netty.leakDetection.targetRecords: 4
13:44:54.994 [main] DEBUG io.netty.util.ResourceLeakDetectorFactory - Loaded default ResourceLeakDetector: io.netty.util.ResourceLeakDetector@c889805
13:44:55.029 [main] DEBUG io.netty.util.internal.PlatformDependent0 - -Dio.netty.noUnsafe: false
13:44:55.029 [main] DEBUG io.netty.util.internal.PlatformDependent0 - Java version: 19
13:44:55.030 [main] DEBUG io.netty.util.internal.PlatformDependent0 - sun.misc.Unsafe.theUnsafe: available
13:44:55.031 [main] DEBUG io.netty.util.internal.PlatformDependent0 - sun.misc.Unsafe.copyMemory: available
13:44:55.031 [main] DEBUG io.netty.util.internal.PlatformDependent0 - sun.misc.Unsafe.storeFence: available
13:44:55.033 [main] DEBUG io.netty.util.internal.PlatformDependent0 - java.nio.Buffer.address: available
13:44:55.034 [main] DEBUG io.netty.util.internal.PlatformDependent0 - direct buffer constructor: unavailable: Reflective setAccessible(true) disabled
13:44:55.035 [main] DEBUG io.netty.util.internal.PlatformDependent0 - java.nio.Bits.unaligned: available, true
13:44:55.037 [main] DEBUG io.netty.util.internal.PlatformDependent0 - jdk.internal.misc.Unsafe.allocateUninitializedArray(int): unavailable: class io.netty.util.internal.PlatformDependent0$7 cannot access class jdk.internal.misc.Unsafe (in module java.base) because module java.base does not export jdk.internal.misc to unnamed module @625732
13:44:55.040 [main] DEBUG io.netty.util.internal.PlatformDependent0 - java.nio.DirectByteBuffer.<init>(long, int): unavailable
13:44:55.041 [main] DEBUG io.netty.util.internal.PlatformDependent - sun.misc.Unsafe: available
13:44:55.043 [main] DEBUG io.netty.util.internal.PlatformDependent - maxDirectMemory: 2122317824 bytes (maybe)
13:44:55.043 [main] DEBUG io.netty.util.internal.PlatformDependent - -Dio.netty.tmpdir: C:\Users\User\AppData\Local\Temp (java.io.tmpdir)
13:44:55.043 [main] DEBUG io.netty.util.internal.PlatformDependent - -Dio.netty.bitMode: 64 (sun.arch.data.model)
13:44:55.043 [main] DEBUG io.netty.util.internal.PlatformDependent - Platform: Windows
13:44:55.045 [main] DEBUG io.netty.util.internal.PlatformDependent - -Dio.netty.maxDirectMemory: -1 bytes
13:44:55.045 [main] DEBUG io.netty.util.internal.PlatformDependent - -Dio.netty.uninitializedArrayAllocationThreshold: -1
13:44:55.047 [main] DEBUG io.netty.util.internal.CleanerJava9 - java.nio.ByteBuffer.cleaner(): available
13:44:55.047 [main] DEBUG io.netty.util.internal.PlatformDependent - -Dio.netty.noPreferDirect: false
13:44:55.061 [main] DEBUG io.netty.util.internal.PlatformDependent - org.jctools-core.MpscChunkedArrayQueue: available
13:44:55.101 [main] DEBUG io.netty.util.internal.InternalThreadLocalMap - -Dio.netty.threadLocalMap.stringBuilder.initialSize: 1024
13:44:55.101 [main] DEBUG io.netty.util.internal.InternalThreadLocalMap - -Dio.netty.threadLocalMap.stringBuilder.maxSize: 4096
13:44:55.490 [main] DEBUG io.netty.handler.ssl.JdkSslContext - Default protocols (JDK): [TLSv1.3, TLSv1.2] 
13:44:55.490 [main] DEBUG io.netty.handler.ssl.JdkSslContext - Default cipher suites (JDK): [TLS_ECDHE_ECDSA_WITH_AES_256_GCM_SHA384, TLS_ECDHE_ECDSA_WITH_AES_128_GCM_SHA256, TLS_ECDHE_RSA_WITH_AES_128_GCM_SHA256, TLS_ECDHE_RSA_WITH_AES_256_GCM_SHA384, TLS_ECDHE_RSA_WITH_AES_128_CBC_SHA, TLS_ECDHE_RSA_WITH_AES_256_CBC_SHA, TLS_RSA_WITH_AES_128_GCM_SHA256, TLS_RSA_WITH_AES_128_CBC_SHA, TLS_RSA_WITH_AES_256_CBC_SHA, TLS_AES_128_GCM_SHA256, TLS_AES_256_GCM_SHA384]
13:44:55.526 [main] DEBUG io.netty.util.concurrent.GlobalEventExecutor - -Dio.netty.globalEventExecutor.quietPeriodSeconds: 1
13:44:55.570 [main] DEBUG io.netty.channel.MultithreadEventLoopGroup - -Dio.netty.eventLoopThreads: 8
13:44:55.592 [main] DEBUG io.netty.channel.nio.NioEventLoop - -Dio.netty.noKeySetOptimization: false
13:44:55.592 [main] DEBUG io.netty.channel.nio.NioEventLoop - -Dio.netty.selectorAutoRebuildThreshold: 512
13:44:55.729 [main] DEBUG io.netty.buffer.PooledByteBufAllocator - -Dio.netty.allocator.numHeapArenas: 8
13:44:55.729 [main] DEBUG io.netty.buffer.PooledByteBufAllocator - -Dio.netty.allocator.numDirectArenas: 8
13:44:55.729 [main] DEBUG io.netty.buffer.PooledByteBufAllocator - -Dio.netty.allocator.pageSize: 8192
13:44:55.729 [main] DEBUG io.netty.buffer.PooledByteBufAllocator - -Dio.netty.allocator.maxOrder: 9
13:44:55.733 [main] DEBUG io.netty.buffer.PooledByteBufAllocator - -Dio.netty.allocator.chunkSize: 4194304
13:44:55.733 [main] DEBUG io.netty.buffer.PooledByteBufAllocator - -Dio.netty.allocator.smallCacheSize: 256
13:44:55.733 [main] DEBUG io.netty.buffer.PooledByteBufAllocator - -Dio.netty.allocator.normalCacheSize: 64
13:44:55.733 [main] DEBUG io.netty.buffer.PooledByteBufAllocator - -Dio.netty.allocator.maxCachedBufferCapacity: 32768
13:44:55.734 [main] DEBUG io.netty.buffer.PooledByteBufAllocator - -Dio.netty.allocator.cacheTrimInterval: 8192
13:44:55.734 [main] DEBUG io.netty.buffer.PooledByteBufAllocator - -Dio.netty.allocator.cacheTrimIntervalMillis: 0
13:44:55.734 [main] DEBUG io.netty.buffer.PooledByteBufAllocator - -Dio.netty.allocator.useCacheForAllThreads: false
13:44:55.734 [main] DEBUG io.netty.buffer.PooledByteBufAllocator - -Dio.netty.allocator.maxCachedByteBuffersPerChunk: 1023
13:44:55.759 [main] DEBUG io.netty.buffer.ByteBufUtil - -Dio.netty.allocator.type: pooled
13:44:55.760 [main] DEBUG io.netty.buffer.ByteBufUtil - -Dio.netty.threadLocalDirectBufferSize: 0
13:44:55.760 [main] DEBUG io.netty.buffer.ByteBufUtil - -Dio.netty.maxThreadLocalCharBufferSize: 16384
13:44:56.110 [Forwarding newSession on session null to remote] DEBUG io.netty.channel.DefaultChannelId - -Dio.netty.processId: 10300 (auto-detected)
13:44:56.113 [Forwarding newSession on session null to remote] DEBUG io.netty.util.NetUtil - -Djava.net.preferIPv4Stack: false
13:44:56.114 [Forwarding newSession on session null to remote] DEBUG io.netty.util.NetUtil - -Djava.net.preferIPv6Addresses: false
13:44:56.134 [Forwarding newSession on session null to remote] DEBUG io.netty.util.NetUtilInitializations - Loopback interface: lo (Software Loopback Interface 1, 127.0.0.1)
13:44:56.136 [Forwarding newSession on session null to remote] DEBUG io.netty.util.NetUtil - Failed to get SOMAXCONN from sysctl and file \proc\sys\net\core\somaxconn. Default: 200
13:44:56.166 [Forwarding newSession on session null to remote] DEBUG io.netty.channel.DefaultChannelId - -Dio.netty.machineId: 04:d3:b0:ff:fe:ce:82:c7 (auto-detected)
13:44:56.236 [AsyncHttpClient-1-2] DEBUG io.netty.buffer.AbstractByteBuf - -Dio.netty.buffer.checkAccessible: true
13:44:56.236 [AsyncHttpClient-1-2] DEBUG io.netty.buffer.AbstractByteBuf - -Dio.netty.buffer.checkBounds: true
13:44:56.236 [AsyncHttpClient-1-2] DEBUG io.netty.util.ResourceLeakDetectorFactory - Loaded default ResourceLeakDetector: io.netty.util.ResourceLeakDetector@66ca0ade
13:44:56.262 [AsyncHttpClient-1-2] DEBUG org.asynchttpclient.netty.channel.NettyConnectListener - Using new Channel '[id: 0xf0640a44, L:/127.0.0.1:50580 - R:/127.0.0.1:4723]' for 'POST' to '/wd/hub/session'
13:44:56.286 [AsyncHttpClient-1-2] DEBUG io.netty.util.Recycler - -Dio.netty.recycler.maxCapacityPerThread: 4096
13:44:56.286 [AsyncHttpClient-1-2] DEBUG io.netty.util.Recycler - -Dio.netty.recycler.ratio: 8
13:44:56.286 [AsyncHttpClient-1-2] DEBUG io.netty.util.Recycler - -Dio.netty.recycler.chunkSize: 32
13:44:56.286 [AsyncHttpClient-1-2] DEBUG io.netty.util.Recycler - -Dio.netty.recycler.blocking: false
13:44:56.286 [AsyncHttpClient-1-2] DEBUG io.netty.util.Recycler - -Dio.netty.recycler.batchFastThreadLocalOnly: true
13:45:09.830 [AsyncHttpClient-1-2] DEBUG io.netty.handler.codec.compression.Brotli - brotli4j not in the classpath; Brotli support will be unavailable.
13:45:09.831 [AsyncHttpClient-1-2] DEBUG org.asynchttpclient.netty.handler.HttpHandler - 

Request DefaultHttpRequest(decodeResult: success, version: HTTP/1.1)
POST /wd/hub/session HTTP/1.1
X-Idempotency-Key: 997d4a88-4eb1-4d8b-a32f-56d5811fdd5b
User-Agent: appium/8.3.0 (selenium/4.8.1 (java windows))
Content-Length: 378
Content-Type: application/json; charset=utf-8
host: 0.0.0.0:4723
accept: */*

Response DefaultHttpResponse(decodeResult: success, version: HTTP/1.1)
HTTP/1.1 200 OK
X-Powered-By: Express
Vary: X-HTTP-Method-Override
Content-Type: application/json; charset=utf-8
Content-Length: 1036
ETag: W/"40c-tItI7g3XP47NmWnrjqZNV9wV2oM"
Date: Wed, 14 Jun 2023 06:45:09 GMT
Connection: keep-alive

13:45:09.848 [AsyncHttpClient-1-2] DEBUG org.asynchttpclient.netty.channel.ChannelManager - Adding key: http://0.0.0.0:4723 for channel [id: 0xf0640a44, L:/127.0.0.1:50580 - R:/127.0.0.1:4723]
13:45:10.031 [Forwarding setTimeout on session 7036209e-17b7-4f35-a666-56ee0ca90363 to remote] DEBUG org.asynchttpclient.netty.request.NettyRequestSender - Using pooled Channel '[id: 0xf0640a44, L:/127.0.0.1:50580 - R:/127.0.0.1:4723]' for 'POST' to 'http://0.0.0.0:4723/wd/hub/session/7036209e-17b7-4f35-a666-56ee0ca90363/timeouts'
13:45:10.033 [Forwarding setTimeout on session 7036209e-17b7-4f35-a666-56ee0ca90363 to remote] DEBUG org.asynchttpclient.netty.request.NettyRequestSender - Using open Channel [id: 0xf0640a44, L:/127.0.0.1:50580 - R:/127.0.0.1:4723] for POST '/wd/hub/session/7036209e-17b7-4f35-a666-56ee0ca90363/timeouts'
13:45:10.045 [AsyncHttpClient-1-2] DEBUG org.asynchttpclient.netty.handler.HttpHandler - 

Request DefaultHttpRequest(decodeResult: success, version: HTTP/1.1)
POST /wd/hub/session/7036209e-17b7-4f35-a666-56ee0ca90363/timeouts HTTP/1.1
User-Agent: appium/8.3.0 (selenium/4.8.1 (java windows))
Content-Length: 23
Content-Type: application/json; charset=utf-8
host: 0.0.0.0:4723
accept: */*

Response DefaultHttpResponse(decodeResult: success, version: HTTP/1.1)
HTTP/1.1 200 OK
X-Powered-By: Express
Vary: X-HTTP-Method-Override
Content-Type: application/json; charset=utf-8
Content-Length: 14
ETag: W/"e-9/1BuKMgFObM1mWJm+YjxtXJnUM"
Date: Wed, 14 Jun 2023 06:45:10 GMT
Connection: keep-alive

13:45:10.045 [AsyncHttpClient-1-2] DEBUG org.asynchttpclient.netty.channel.ChannelManager - Adding key: http://0.0.0.0:4723 for channel [id: 0xf0640a44, L:/127.0.0.1:50580 - R:/127.0.0.1:4723]
13:45:10.058 [Forwarding findElement on session 7036209e-17b7-4f35-a666-56ee0ca90363 to remote] DEBUG org.asynchttpclient.netty.request.NettyRequestSender - Using pooled Channel '[id: 0xf0640a44, L:/127.0.0.1:50580 - R:/127.0.0.1:4723]' for 'POST' to 'http://0.0.0.0:4723/wd/hub/session/7036209e-17b7-4f35-a666-56ee0ca90363/element'
13:45:10.058 [Forwarding findElement on session 7036209e-17b7-4f35-a666-56ee0ca90363 to remote] DEBUG org.asynchttpclient.netty.request.NettyRequestSender - Using open Channel [id: 0xf0640a44, L:/127.0.0.1:50580 - R:/127.0.0.1:4723] for POST '/wd/hub/session/7036209e-17b7-4f35-a666-56ee0ca90363/element'
13:45:10.625 [AsyncHttpClient-1-2] DEBUG org.asynchttpclient.netty.handler.HttpHandler - 

Request DefaultHttpRequest(decodeResult: success, version: HTTP/1.1)
POST /wd/hub/session/7036209e-17b7-4f35-a666-56ee0ca90363/element HTTP/1.1
User-Agent: appium/8.3.0 (selenium/4.8.1 (java windows))
Content-Length: 94
Content-Type: application/json; charset=utf-8
host: 0.0.0.0:4723
accept: */*

Response DefaultHttpResponse(decodeResult: success, version: HTTP/1.1)
HTTP/1.1 200 OK
X-Powered-By: Express
Vary: X-HTTP-Method-Override
Content-Type: application/json; charset=utf-8
Content-Length: 137
ETag: W/"89-+neEJHNR3eoy6QKswz9/t4UFnI4"
Date: Wed, 14 Jun 2023 06:45:10 GMT
Connection: keep-alive

13:45:10.626 [AsyncHttpClient-1-2] DEBUG org.asynchttpclient.netty.channel.ChannelManager - Adding key: http://0.0.0.0:4723 for channel [id: 0xf0640a44, L:/127.0.0.1:50580 - R:/127.0.0.1:4723]
13:45:10.637 [Forwarding isElementDisplayed on session 7036209e-17b7-4f35-a666-56ee0ca90363 to remote] DEBUG org.asynchttpclient.netty.request.NettyRequestSender - Using pooled Channel '[id: 0xf0640a44, L:/127.0.0.1:50580 - R:/127.0.0.1:4723]' for 'GET' to 'http://0.0.0.0:4723/wd/hub/session/7036209e-17b7-4f35-a666-56ee0ca90363/element/00000000-0000-008d-0000-000800000000/displayed'
13:45:10.637 [Forwarding isElementDisplayed on session 7036209e-17b7-4f35-a666-56ee0ca90363 to remote] DEBUG org.asynchttpclient.netty.request.NettyRequestSender - Using open Channel [id: 0xf0640a44, L:/127.0.0.1:50580 - R:/127.0.0.1:4723] for GET '/wd/hub/session/7036209e-17b7-4f35-a666-56ee0ca90363/element/00000000-0000-008d-0000-000800000000/displayed'
13:45:11.063 [AsyncHttpClient-1-2] DEBUG org.asynchttpclient.netty.handler.HttpHandler - 

Request DefaultFullHttpRequest(decodeResult: success, version: HTTP/1.1, content: EmptyByteBufBE)
GET /wd/hub/session/7036209e-17b7-4f35-a666-56ee0ca90363/element/00000000-0000-008d-0000-000800000000/displayed HTTP/1.1
User-Agent: appium/8.3.0 (selenium/4.8.1 (java windows))
Cache-Control: no-cache
Content-Type: application/json; charset=utf-8
host: 0.0.0.0:4723
accept: */*

Response DefaultHttpResponse(decodeResult: success, version: HTTP/1.1)
HTTP/1.1 200 OK
X-Powered-By: Express
Content-Type: application/json; charset=utf-8
Content-Length: 14
ETag: W/"e-2ZHvAWebNQpyjGZTg6uyV8/spTo"
Date: Wed, 14 Jun 2023 06:45:11 GMT
Connection: keep-alive

13:45:11.064 [AsyncHttpClient-1-2] DEBUG org.asynchttpclient.netty.channel.ChannelManager - Adding key: http://0.0.0.0:4723 for channel [id: 0xf0640a44, L:/127.0.0.1:50580 - R:/127.0.0.1:4723]
13:45:11.066 [Forwarding isElementEnabled on session 7036209e-17b7-4f35-a666-56ee0ca90363 to remote] DEBUG org.asynchttpclient.netty.request.NettyRequestSender - Using pooled Channel '[id: 0xf0640a44, L:/127.0.0.1:50580 - R:/127.0.0.1:4723]' for 'GET' to 'http://0.0.0.0:4723/wd/hub/session/7036209e-17b7-4f35-a666-56ee0ca90363/element/00000000-0000-008d-0000-000800000000/enabled'
13:45:11.066 [Forwarding isElementEnabled on session 7036209e-17b7-4f35-a666-56ee0ca90363 to remote] DEBUG org.asynchttpclient.netty.request.NettyRequestSender - Using open Channel [id: 0xf0640a44, L:/127.0.0.1:50580 - R:/127.0.0.1:4723] for GET '/wd/hub/session/7036209e-17b7-4f35-a666-56ee0ca90363/element/00000000-0000-008d-0000-000800000000/enabled'
13:45:11.102 [AsyncHttpClient-1-2] DEBUG org.asynchttpclient.netty.handler.HttpHandler - 

Request DefaultFullHttpRequest(decodeResult: success, version: HTTP/1.1, content: EmptyByteBufBE)
GET /wd/hub/session/7036209e-17b7-4f35-a666-56ee0ca90363/element/00000000-0000-008d-0000-000800000000/enabled HTTP/1.1
User-Agent: appium/8.3.0 (selenium/4.8.1 (java windows))
Cache-Control: no-cache
Content-Type: application/json; charset=utf-8
host: 0.0.0.0:4723
accept: */*

Response DefaultHttpResponse(decodeResult: success, version: HTTP/1.1)
HTTP/1.1 200 OK
X-Powered-By: Express
Content-Type: application/json; charset=utf-8
Content-Length: 14
ETag: W/"e-2ZHvAWebNQpyjGZTg6uyV8/spTo"
Date: Wed, 14 Jun 2023 06:45:11 GMT
Connection: keep-alive

13:45:11.103 [AsyncHttpClient-1-2] DEBUG org.asynchttpclient.netty.channel.ChannelManager - Adding key: http://0.0.0.0:4723 for channel [id: 0xf0640a44, L:/127.0.0.1:50580 - R:/127.0.0.1:4723]
13:45:11.106 [Forwarding clickElement on session 7036209e-17b7-4f35-a666-56ee0ca90363 to remote] DEBUG org.asynchttpclient.netty.request.NettyRequestSender - Using pooled Channel '[id: 0xf0640a44, L:/127.0.0.1:50580 - R:/127.0.0.1:4723]' for 'POST' to 'http://0.0.0.0:4723/wd/hub/session/7036209e-17b7-4f35-a666-56ee0ca90363/element/00000000-0000-008d-0000-000800000000/click'
13:45:11.106 [Forwarding clickElement on session 7036209e-17b7-4f35-a666-56ee0ca90363 to remote] DEBUG org.asynchttpclient.netty.request.NettyRequestSender - Using open Channel [id: 0xf0640a44, L:/127.0.0.1:50580 - R:/127.0.0.1:4723] for POST '/wd/hub/session/7036209e-17b7-4f35-a666-56ee0ca90363/element/00000000-0000-008d-0000-000800000000/click'
13:45:11.184 [AsyncHttpClient-1-2] DEBUG org.asynchttpclient.netty.handler.HttpHandler - 

Request DefaultHttpRequest(decodeResult: success, version: HTTP/1.1)
POST /wd/hub/session/7036209e-17b7-4f35-a666-56ee0ca90363/element/00000000-0000-008d-0000-000800000000/click HTTP/1.1
User-Agent: appium/8.3.0 (selenium/4.8.1 (java windows))
Content-Length: 50
Content-Type: application/json; charset=utf-8
host: 0.0.0.0:4723
accept: */*

Response DefaultHttpResponse(decodeResult: success, version: HTTP/1.1)
HTTP/1.1 200 OK
X-Powered-By: Express
Vary: X-HTTP-Method-Override
Content-Type: application/json; charset=utf-8
Content-Length: 14
ETag: W/"e-9/1BuKMgFObM1mWJm+YjxtXJnUM"
Date: Wed, 14 Jun 2023 06:45:11 GMT
Connection: keep-alive

13:45:11.185 [AsyncHttpClient-1-2] DEBUG org.asynchttpclient.netty.channel.ChannelManager - Adding key: http://0.0.0.0:4723 for channel [id: 0xf0640a44, L:/127.0.0.1:50580 - R:/127.0.0.1:4723]
13:45:11.189 [main] DEBUG net.thucydides.core.steps.StepInterceptor - STEP DONE: firstOpenApplication
13:45:11.193 [main] DEBUG net.thucydides.core.steps.StepInterceptor - STARTING STEP: LogoutSteps.onTheHomepage - toLogin
13:45:11.196 [Forwarding findElement on session 7036209e-17b7-4f35-a666-56ee0ca90363 to remote] DEBUG org.asynchttpclient.netty.request.NettyRequestSender - Using pooled Channel '[id: 0xf0640a44, L:/127.0.0.1:50580 - R:/127.0.0.1:4723]' for 'POST' to 'http://0.0.0.0:4723/wd/hub/session/7036209e-17b7-4f35-a666-56ee0ca90363/element'
13:45:11.196 [Forwarding findElement on session 7036209e-17b7-4f35-a666-56ee0ca90363 to remote] DEBUG org.asynchttpclient.netty.request.NettyRequestSender - Using open Channel [id: 0xf0640a44, L:/127.0.0.1:50580 - R:/127.0.0.1:4723] for POST '/wd/hub/session/7036209e-17b7-4f35-a666-56ee0ca90363/element'
13:45:12.204 [AsyncHttpClient-1-2] DEBUG org.asynchttpclient.netty.handler.HttpHandler - 

Request DefaultHttpRequest(decodeResult: success, version: HTTP/1.1)
POST /wd/hub/session/7036209e-17b7-4f35-a666-56ee0ca90363/element HTTP/1.1
User-Agent: appium/8.3.0 (selenium/4.8.1 (java windows))
Content-Length: 105
Content-Type: application/json; charset=utf-8
host: 0.0.0.0:4723
accept: */*

Response DefaultHttpResponse(decodeResult: success, version: HTTP/1.1)
HTTP/1.1 200 OK
X-Powered-By: Express
Vary: X-HTTP-Method-Override
Content-Type: application/json; charset=utf-8
Content-Length: 137
ETag: W/"89-t2QU8c6kfi0nx6U/D8C83hpcvmc"
Date: Wed, 14 Jun 2023 06:45:12 GMT
Connection: keep-alive

13:45:12.204 [AsyncHttpClient-1-2] DEBUG org.asynchttpclient.netty.channel.ChannelManager - Adding key: http://0.0.0.0:4723 for channel [id: 0xf0640a44, L:/127.0.0.1:50580 - R:/127.0.0.1:4723]
13:45:12.206 [Forwarding isElementDisplayed on session 7036209e-17b7-4f35-a666-56ee0ca90363 to remote] DEBUG org.asynchttpclient.netty.request.NettyRequestSender - Using pooled Channel '[id: 0xf0640a44, L:/127.0.0.1:50580 - R:/127.0.0.1:4723]' for 'GET' to 'http://0.0.0.0:4723/wd/hub/session/7036209e-17b7-4f35-a666-56ee0ca90363/element/00000000-0000-008d-0000-004500000000/displayed'
13:45:12.206 [Forwarding isElementDisplayed on session 7036209e-17b7-4f35-a666-56ee0ca90363 to remote] DEBUG org.asynchttpclient.netty.request.NettyRequestSender - Using open Channel [id: 0xf0640a44, L:/127.0.0.1:50580 - R:/127.0.0.1:4723] for GET '/wd/hub/session/7036209e-17b7-4f35-a666-56ee0ca90363/element/00000000-0000-008d-0000-004500000000/displayed'
13:45:12.591 [AsyncHttpClient-1-2] DEBUG org.asynchttpclient.netty.handler.HttpHandler - 

Request DefaultFullHttpRequest(decodeResult: success, version: HTTP/1.1, content: EmptyByteBufBE)
GET /wd/hub/session/7036209e-17b7-4f35-a666-56ee0ca90363/element/00000000-0000-008d-0000-004500000000/displayed HTTP/1.1
User-Agent: appium/8.3.0 (selenium/4.8.1 (java windows))
Cache-Control: no-cache
Content-Type: application/json; charset=utf-8
host: 0.0.0.0:4723
accept: */*

Response DefaultHttpResponse(decodeResult: success, version: HTTP/1.1)
HTTP/1.1 200 OK
X-Powered-By: Express
Content-Type: application/json; charset=utf-8
Content-Length: 14
ETag: W/"e-2ZHvAWebNQpyjGZTg6uyV8/spTo"
Date: Wed, 14 Jun 2023 06:45:12 GMT
Connection: keep-alive

13:45:12.591 [AsyncHttpClient-1-2] DEBUG org.asynchttpclient.netty.channel.ChannelManager - Adding key: http://0.0.0.0:4723 for channel [id: 0xf0640a44, L:/127.0.0.1:50580 - R:/127.0.0.1:4723]
13:45:12.593 [Forwarding isElementEnabled on session 7036209e-17b7-4f35-a666-56ee0ca90363 to remote] DEBUG org.asynchttpclient.netty.request.NettyRequestSender - Using pooled Channel '[id: 0xf0640a44, L:/127.0.0.1:50580 - R:/127.0.0.1:4723]' for 'GET' to 'http://0.0.0.0:4723/wd/hub/session/7036209e-17b7-4f35-a666-56ee0ca90363/element/00000000-0000-008d-0000-004500000000/enabled'
13:45:12.593 [Forwarding isElementEnabled on session 7036209e-17b7-4f35-a666-56ee0ca90363 to remote] DEBUG org.asynchttpclient.netty.request.NettyRequestSender - Using open Channel [id: 0xf0640a44, L:/127.0.0.1:50580 - R:/127.0.0.1:4723] for GET '/wd/hub/session/7036209e-17b7-4f35-a666-56ee0ca90363/element/00000000-0000-008d-0000-004500000000/enabled'
13:45:12.627 [AsyncHttpClient-1-2] DEBUG org.asynchttpclient.netty.handler.HttpHandler - 

Request DefaultFullHttpRequest(decodeResult: success, version: HTTP/1.1, content: EmptyByteBufBE)
GET /wd/hub/session/7036209e-17b7-4f35-a666-56ee0ca90363/element/00000000-0000-008d-0000-004500000000/enabled HTTP/1.1
User-Agent: appium/8.3.0 (selenium/4.8.1 (java windows))
Cache-Control: no-cache
Content-Type: application/json; charset=utf-8
host: 0.0.0.0:4723
accept: */*

Response DefaultHttpResponse(decodeResult: success, version: HTTP/1.1)
HTTP/1.1 200 OK
X-Powered-By: Express
Content-Type: application/json; charset=utf-8
Content-Length: 14
ETag: W/"e-2ZHvAWebNQpyjGZTg6uyV8/spTo"
Date: Wed, 14 Jun 2023 06:45:12 GMT
Connection: keep-alive

13:45:12.628 [AsyncHttpClient-1-2] DEBUG org.asynchttpclient.netty.channel.ChannelManager - Adding key: http://0.0.0.0:4723 for channel [id: 0xf0640a44, L:/127.0.0.1:50580 - R:/127.0.0.1:4723]
13:45:12.630 [Forwarding clickElement on session 7036209e-17b7-4f35-a666-56ee0ca90363 to remote] DEBUG org.asynchttpclient.netty.request.NettyRequestSender - Using pooled Channel '[id: 0xf0640a44, L:/127.0.0.1:50580 - R:/127.0.0.1:4723]' for 'POST' to 'http://0.0.0.0:4723/wd/hub/session/7036209e-17b7-4f35-a666-56ee0ca90363/element/00000000-0000-008d-0000-004500000000/click'
13:45:12.630 [Forwarding clickElement on session 7036209e-17b7-4f35-a666-56ee0ca90363 to remote] DEBUG org.asynchttpclient.netty.request.NettyRequestSender - Using open Channel [id: 0xf0640a44, L:/127.0.0.1:50580 - R:/127.0.0.1:4723] for POST '/wd/hub/session/7036209e-17b7-4f35-a666-56ee0ca90363/element/00000000-0000-008d-0000-004500000000/click'
13:45:12.685 [AsyncHttpClient-1-2] DEBUG org.asynchttpclient.netty.handler.HttpHandler - 

Request DefaultHttpRequest(decodeResult: success, version: HTTP/1.1)
POST /wd/hub/session/7036209e-17b7-4f35-a666-56ee0ca90363/element/00000000-0000-008d-0000-004500000000/click HTTP/1.1
User-Agent: appium/8.3.0 (selenium/4.8.1 (java windows))
Content-Length: 50
Content-Type: application/json; charset=utf-8
host: 0.0.0.0:4723
accept: */*

Response DefaultHttpResponse(decodeResult: success, version: HTTP/1.1)
HTTP/1.1 200 OK
X-Powered-By: Express
Vary: X-HTTP-Method-Override
Content-Type: application/json; charset=utf-8
Content-Length: 14
ETag: W/"e-9/1BuKMgFObM1mWJm+YjxtXJnUM"
Date: Wed, 14 Jun 2023 06:45:12 GMT
Connection: keep-alive

13:45:12.686 [AsyncHttpClient-1-2] DEBUG org.asynchttpclient.netty.channel.ChannelManager - Adding key: http://0.0.0.0:4723 for channel [id: 0xf0640a44, L:/127.0.0.1:50580 - R:/127.0.0.1:4723]
13:45:12.687 [main] DEBUG net.thucydides.core.steps.StepInterceptor - STEP DONE: toLogin
]]></system-out>
    <system-err><![CDATA[SLF4J: Class path contains multiple SLF4J bindings.
SLF4J: Found binding in [jar:file:/C:/Users/User/.m2/repository/ch/qos/logback/logback-classic/1.2.10/logback-classic-1.2.10.jar!/org/slf4j/impl/StaticLoggerBinder.class]
SLF4J: Found binding in [jar:file:/C:/Users/User/.m2/repository/org/slf4j/slf4j-simple/1.7.7/slf4j-simple-1.7.7.jar!/org/slf4j/impl/StaticLoggerBinder.class]
SLF4J: See http://www.slf4j.org/codes.html#multiple_bindings for an explanation.
SLF4J: Actual binding is of type [ch.qos.logback.classic.util.ContextSelectorStaticBinder]
]]></system-err>
  </testcase>
  <testcase name="I enter user credential and successfully login" classname="User cancel logout" time="5.427">
    <system-out><![CDATA[13:45:12.716 [main] DEBUG net.thucydides.core.steps.StepInterceptor - STARTING STEP: LogoutSteps.enterUserCredentials - enterUsername
13:45:12.720 [Forwarding findElement on session 7036209e-17b7-4f35-a666-56ee0ca90363 to remote] DEBUG org.asynchttpclient.netty.request.NettyRequestSender - Using pooled Channel '[id: 0xf0640a44, L:/127.0.0.1:50580 - R:/127.0.0.1:4723]' for 'POST' to 'http://0.0.0.0:4723/wd/hub/session/7036209e-17b7-4f35-a666-56ee0ca90363/element'
13:45:12.720 [Forwarding findElement on session 7036209e-17b7-4f35-a666-56ee0ca90363 to remote] DEBUG org.asynchttpclient.netty.request.NettyRequestSender - Using open Channel [id: 0xf0640a44, L:/127.0.0.1:50580 - R:/127.0.0.1:4723] for POST '/wd/hub/session/7036209e-17b7-4f35-a666-56ee0ca90363/element'
13:45:13.509 [AsyncHttpClient-1-2] DEBUG org.asynchttpclient.netty.handler.HttpHandler - 

Request DefaultHttpRequest(decodeResult: success, version: HTTP/1.1)
POST /wd/hub/session/7036209e-17b7-4f35-a666-56ee0ca90363/element HTTP/1.1
User-Agent: appium/8.3.0 (selenium/4.8.1 (java windows))
Content-Length: 354
Content-Type: application/json; charset=utf-8
host: 0.0.0.0:4723
accept: */*

Response DefaultHttpResponse(decodeResult: success, version: HTTP/1.1)
HTTP/1.1 200 OK
X-Powered-By: Express
Vary: X-HTTP-Method-Override
Content-Type: application/json; charset=utf-8
Content-Length: 137
ETag: W/"89-gl2/3DHkbaKKswd5TJOl+Vqoy/0"
Date: Wed, 14 Jun 2023 06:45:13 GMT
Connection: keep-alive

13:45:13.509 [AsyncHttpClient-1-2] DEBUG org.asynchttpclient.netty.channel.ChannelManager - Adding key: http://0.0.0.0:4723 for channel [id: 0xf0640a44, L:/127.0.0.1:50580 - R:/127.0.0.1:4723]
13:45:13.511 [Forwarding isElementDisplayed on session 7036209e-17b7-4f35-a666-56ee0ca90363 to remote] DEBUG org.asynchttpclient.netty.request.NettyRequestSender - Using pooled Channel '[id: 0xf0640a44, L:/127.0.0.1:50580 - R:/127.0.0.1:4723]' for 'GET' to 'http://0.0.0.0:4723/wd/hub/session/7036209e-17b7-4f35-a666-56ee0ca90363/element/00000000-0000-008d-0000-004f00000000/displayed'
13:45:13.511 [Forwarding isElementDisplayed on session 7036209e-17b7-4f35-a666-56ee0ca90363 to remote] DEBUG org.asynchttpclient.netty.request.NettyRequestSender - Using open Channel [id: 0xf0640a44, L:/127.0.0.1:50580 - R:/127.0.0.1:4723] for GET '/wd/hub/session/7036209e-17b7-4f35-a666-56ee0ca90363/element/00000000-0000-008d-0000-004f00000000/displayed'
13:45:13.974 [AsyncHttpClient-1-2] DEBUG org.asynchttpclient.netty.handler.HttpHandler - 

Request DefaultFullHttpRequest(decodeResult: success, version: HTTP/1.1, content: EmptyByteBufBE)
GET /wd/hub/session/7036209e-17b7-4f35-a666-56ee0ca90363/element/00000000-0000-008d-0000-004f00000000/displayed HTTP/1.1
User-Agent: appium/8.3.0 (selenium/4.8.1 (java windows))
Cache-Control: no-cache
Content-Type: application/json; charset=utf-8
host: 0.0.0.0:4723
accept: */*

Response DefaultHttpResponse(decodeResult: success, version: HTTP/1.1)
HTTP/1.1 200 OK
X-Powered-By: Express
Content-Type: application/json; charset=utf-8
Content-Length: 14
ETag: W/"e-2ZHvAWebNQpyjGZTg6uyV8/spTo"
Date: Wed, 14 Jun 2023 06:45:13 GMT
Connection: keep-alive

13:45:13.974 [AsyncHttpClient-1-2] DEBUG org.asynchttpclient.netty.channel.ChannelManager - Adding key: http://0.0.0.0:4723 for channel [id: 0xf0640a44, L:/127.0.0.1:50580 - R:/127.0.0.1:4723]
13:45:13.977 [Forwarding isElementEnabled on session 7036209e-17b7-4f35-a666-56ee0ca90363 to remote] DEBUG org.asynchttpclient.netty.request.NettyRequestSender - Using pooled Channel '[id: 0xf0640a44, L:/127.0.0.1:50580 - R:/127.0.0.1:4723]' for 'GET' to 'http://0.0.0.0:4723/wd/hub/session/7036209e-17b7-4f35-a666-56ee0ca90363/element/00000000-0000-008d-0000-004f00000000/enabled'
13:45:13.977 [Forwarding isElementEnabled on session 7036209e-17b7-4f35-a666-56ee0ca90363 to remote] DEBUG org.asynchttpclient.netty.request.NettyRequestSender - Using open Channel [id: 0xf0640a44, L:/127.0.0.1:50580 - R:/127.0.0.1:4723] for GET '/wd/hub/session/7036209e-17b7-4f35-a666-56ee0ca90363/element/00000000-0000-008d-0000-004f00000000/enabled'
13:45:14.009 [AsyncHttpClient-1-2] DEBUG org.asynchttpclient.netty.handler.HttpHandler - 

Request DefaultFullHttpRequest(decodeResult: success, version: HTTP/1.1, content: EmptyByteBufBE)
GET /wd/hub/session/7036209e-17b7-4f35-a666-56ee0ca90363/element/00000000-0000-008d-0000-004f00000000/enabled HTTP/1.1
User-Agent: appium/8.3.0 (selenium/4.8.1 (java windows))
Cache-Control: no-cache
Content-Type: application/json; charset=utf-8
host: 0.0.0.0:4723
accept: */*

Response DefaultHttpResponse(decodeResult: success, version: HTTP/1.1)
HTTP/1.1 200 OK
X-Powered-By: Express
Content-Type: application/json; charset=utf-8
Content-Length: 14
ETag: W/"e-2ZHvAWebNQpyjGZTg6uyV8/spTo"
Date: Wed, 14 Jun 2023 06:45:14 GMT
Connection: keep-alive

13:45:14.010 [AsyncHttpClient-1-2] DEBUG org.asynchttpclient.netty.channel.ChannelManager - Adding key: http://0.0.0.0:4723 for channel [id: 0xf0640a44, L:/127.0.0.1:50580 - R:/127.0.0.1:4723]
13:45:14.013 [Forwarding clickElement on session 7036209e-17b7-4f35-a666-56ee0ca90363 to remote] DEBUG org.asynchttpclient.netty.request.NettyRequestSender - Using pooled Channel '[id: 0xf0640a44, L:/127.0.0.1:50580 - R:/127.0.0.1:4723]' for 'POST' to 'http://0.0.0.0:4723/wd/hub/session/7036209e-17b7-4f35-a666-56ee0ca90363/element/00000000-0000-008d-0000-004f00000000/click'
13:45:14.013 [Forwarding clickElement on session 7036209e-17b7-4f35-a666-56ee0ca90363 to remote] DEBUG org.asynchttpclient.netty.request.NettyRequestSender - Using open Channel [id: 0xf0640a44, L:/127.0.0.1:50580 - R:/127.0.0.1:4723] for POST '/wd/hub/session/7036209e-17b7-4f35-a666-56ee0ca90363/element/00000000-0000-008d-0000-004f00000000/click'
13:45:14.067 [AsyncHttpClient-1-2] DEBUG org.asynchttpclient.netty.handler.HttpHandler - 

Request DefaultHttpRequest(decodeResult: success, version: HTTP/1.1)
POST /wd/hub/session/7036209e-17b7-4f35-a666-56ee0ca90363/element/00000000-0000-008d-0000-004f00000000/click HTTP/1.1
User-Agent: appium/8.3.0 (selenium/4.8.1 (java windows))
Content-Length: 50
Content-Type: application/json; charset=utf-8
host: 0.0.0.0:4723
accept: */*

Response DefaultHttpResponse(decodeResult: success, version: HTTP/1.1)
HTTP/1.1 200 OK
X-Powered-By: Express
Vary: X-HTTP-Method-Override
Content-Type: application/json; charset=utf-8
Content-Length: 14
ETag: W/"e-9/1BuKMgFObM1mWJm+YjxtXJnUM"
Date: Wed, 14 Jun 2023 06:45:14 GMT
Connection: keep-alive

13:45:14.068 [AsyncHttpClient-1-2] DEBUG org.asynchttpclient.netty.channel.ChannelManager - Adding key: http://0.0.0.0:4723 for channel [id: 0xf0640a44, L:/127.0.0.1:50580 - R:/127.0.0.1:4723]
13:45:14.072 [Forwarding findElement on session 7036209e-17b7-4f35-a666-56ee0ca90363 to remote] DEBUG org.asynchttpclient.netty.request.NettyRequestSender - Using pooled Channel '[id: 0xf0640a44, L:/127.0.0.1:50580 - R:/127.0.0.1:4723]' for 'POST' to 'http://0.0.0.0:4723/wd/hub/session/7036209e-17b7-4f35-a666-56ee0ca90363/element'
13:45:14.072 [Forwarding findElement on session 7036209e-17b7-4f35-a666-56ee0ca90363 to remote] DEBUG org.asynchttpclient.netty.request.NettyRequestSender - Using open Channel [id: 0xf0640a44, L:/127.0.0.1:50580 - R:/127.0.0.1:4723] for POST '/wd/hub/session/7036209e-17b7-4f35-a666-56ee0ca90363/element'
13:45:15.166 [AsyncHttpClient-1-2] DEBUG org.asynchttpclient.netty.handler.HttpHandler - 

Request DefaultHttpRequest(decodeResult: success, version: HTTP/1.1)
POST /wd/hub/session/7036209e-17b7-4f35-a666-56ee0ca90363/element HTTP/1.1
User-Agent: appium/8.3.0 (selenium/4.8.1 (java windows))
Content-Length: 354
Content-Type: application/json; charset=utf-8
host: 0.0.0.0:4723
accept: */*

Response DefaultHttpResponse(decodeResult: success, version: HTTP/1.1)
HTTP/1.1 200 OK
X-Powered-By: Express
Vary: X-HTTP-Method-Override
Content-Type: application/json; charset=utf-8
Content-Length: 137
ETag: W/"89-gl2/3DHkbaKKswd5TJOl+Vqoy/0"
Date: Wed, 14 Jun 2023 06:45:15 GMT
Connection: keep-alive

13:45:15.168 [AsyncHttpClient-1-2] DEBUG org.asynchttpclient.netty.channel.ChannelManager - Adding key: http://0.0.0.0:4723 for channel [id: 0xf0640a44, L:/127.0.0.1:50580 - R:/127.0.0.1:4723]
13:45:15.176 [Forwarding sendKeysToElement on session 7036209e-17b7-4f35-a666-56ee0ca90363 to remote] DEBUG org.asynchttpclient.netty.request.NettyRequestSender - Using pooled Channel '[id: 0xf0640a44, L:/127.0.0.1:50580 - R:/127.0.0.1:4723]' for 'POST' to 'http://0.0.0.0:4723/wd/hub/session/7036209e-17b7-4f35-a666-56ee0ca90363/element/00000000-0000-008d-0000-004f00000000/value'
13:45:15.176 [Forwarding sendKeysToElement on session 7036209e-17b7-4f35-a666-56ee0ca90363 to remote] DEBUG org.asynchttpclient.netty.request.NettyRequestSender - Using open Channel [id: 0xf0640a44, L:/127.0.0.1:50580 - R:/127.0.0.1:4723] for POST '/wd/hub/session/7036209e-17b7-4f35-a666-56ee0ca90363/element/00000000-0000-008d-0000-004f00000000/value'
13:45:15.222 [AsyncHttpClient-1-2] DEBUG org.asynchttpclient.netty.handler.HttpHandler - 

Request DefaultHttpRequest(decodeResult: success, version: HTTP/1.1)
POST /wd/hub/session/7036209e-17b7-4f35-a666-56ee0ca90363/element/00000000-0000-008d-0000-004f00000000/value HTTP/1.1
User-Agent: appium/8.3.0 (selenium/4.8.1 (java windows))
Content-Length: 161
Content-Type: application/json; charset=utf-8
host: 0.0.0.0:4723
accept: */*

Response DefaultHttpResponse(decodeResult: success, version: HTTP/1.1)
HTTP/1.1 200 OK
X-Powered-By: Express
Vary: X-HTTP-Method-Override
Content-Type: application/json; charset=utf-8
Content-Length: 14
ETag: W/"e-9/1BuKMgFObM1mWJm+YjxtXJnUM"
Date: Wed, 14 Jun 2023 06:45:15 GMT
Connection: keep-alive

13:45:15.223 [AsyncHttpClient-1-2] DEBUG org.asynchttpclient.netty.channel.ChannelManager - Adding key: http://0.0.0.0:4723 for channel [id: 0xf0640a44, L:/127.0.0.1:50580 - R:/127.0.0.1:4723]
13:45:15.224 [main] DEBUG net.thucydides.core.steps.StepInterceptor - STEP DONE: enterUsername
13:45:15.230 [main] DEBUG net.thucydides.core.steps.StepInterceptor - STARTING STEP: LogoutSteps.enterUserCredentials - enterPassword
13:45:15.240 [Forwarding findElement on session 7036209e-17b7-4f35-a666-56ee0ca90363 to remote] DEBUG org.asynchttpclient.netty.request.NettyRequestSender - Using pooled Channel '[id: 0xf0640a44, L:/127.0.0.1:50580 - R:/127.0.0.1:4723]' for 'POST' to 'http://0.0.0.0:4723/wd/hub/session/7036209e-17b7-4f35-a666-56ee0ca90363/element'
13:45:15.240 [Forwarding findElement on session 7036209e-17b7-4f35-a666-56ee0ca90363 to remote] DEBUG org.asynchttpclient.netty.request.NettyRequestSender - Using open Channel [id: 0xf0640a44, L:/127.0.0.1:50580 - R:/127.0.0.1:4723] for POST '/wd/hub/session/7036209e-17b7-4f35-a666-56ee0ca90363/element'
13:45:15.926 [AsyncHttpClient-1-2] DEBUG org.asynchttpclient.netty.handler.HttpHandler - 

Request DefaultHttpRequest(decodeResult: success, version: HTTP/1.1)
POST /wd/hub/session/7036209e-17b7-4f35-a666-56ee0ca90363/element HTTP/1.1
User-Agent: appium/8.3.0 (selenium/4.8.1 (java windows))
Content-Length: 354
Content-Type: application/json; charset=utf-8
host: 0.0.0.0:4723
accept: */*

Response DefaultHttpResponse(decodeResult: success, version: HTTP/1.1)
HTTP/1.1 200 OK
X-Powered-By: Express
Vary: X-HTTP-Method-Override
Content-Type: application/json; charset=utf-8
Content-Length: 137
ETag: W/"89-qQpg7+EF6mw5zQKG36CtLsKW8Lk"
Date: Wed, 14 Jun 2023 06:45:15 GMT
Connection: keep-alive

13:45:15.927 [AsyncHttpClient-1-2] DEBUG org.asynchttpclient.netty.channel.ChannelManager - Adding key: http://0.0.0.0:4723 for channel [id: 0xf0640a44, L:/127.0.0.1:50580 - R:/127.0.0.1:4723]
13:45:15.929 [Forwarding isElementDisplayed on session 7036209e-17b7-4f35-a666-56ee0ca90363 to remote] DEBUG org.asynchttpclient.netty.request.NettyRequestSender - Using pooled Channel '[id: 0xf0640a44, L:/127.0.0.1:50580 - R:/127.0.0.1:4723]' for 'GET' to 'http://0.0.0.0:4723/wd/hub/session/7036209e-17b7-4f35-a666-56ee0ca90363/element/00000000-0000-008d-0000-005300000000/displayed'
13:45:15.929 [Forwarding isElementDisplayed on session 7036209e-17b7-4f35-a666-56ee0ca90363 to remote] DEBUG org.asynchttpclient.netty.request.NettyRequestSender - Using open Channel [id: 0xf0640a44, L:/127.0.0.1:50580 - R:/127.0.0.1:4723] for GET '/wd/hub/session/7036209e-17b7-4f35-a666-56ee0ca90363/element/00000000-0000-008d-0000-005300000000/displayed'
13:45:15.959 [AsyncHttpClient-1-2] DEBUG org.asynchttpclient.netty.handler.HttpHandler - 

Request DefaultFullHttpRequest(decodeResult: success, version: HTTP/1.1, content: EmptyByteBufBE)
GET /wd/hub/session/7036209e-17b7-4f35-a666-56ee0ca90363/element/00000000-0000-008d-0000-005300000000/displayed HTTP/1.1
User-Agent: appium/8.3.0 (selenium/4.8.1 (java windows))
Cache-Control: no-cache
Content-Type: application/json; charset=utf-8
host: 0.0.0.0:4723
accept: */*

Response DefaultHttpResponse(decodeResult: success, version: HTTP/1.1)
HTTP/1.1 200 OK
X-Powered-By: Express
Content-Type: application/json; charset=utf-8
Content-Length: 14
ETag: W/"e-2ZHvAWebNQpyjGZTg6uyV8/spTo"
Date: Wed, 14 Jun 2023 06:45:15 GMT
Connection: keep-alive

13:45:15.959 [AsyncHttpClient-1-2] DEBUG org.asynchttpclient.netty.channel.ChannelManager - Adding key: http://0.0.0.0:4723 for channel [id: 0xf0640a44, L:/127.0.0.1:50580 - R:/127.0.0.1:4723]
13:45:15.962 [Forwarding isElementEnabled on session 7036209e-17b7-4f35-a666-56ee0ca90363 to remote] DEBUG org.asynchttpclient.netty.request.NettyRequestSender - Using pooled Channel '[id: 0xf0640a44, L:/127.0.0.1:50580 - R:/127.0.0.1:4723]' for 'GET' to 'http://0.0.0.0:4723/wd/hub/session/7036209e-17b7-4f35-a666-56ee0ca90363/element/00000000-0000-008d-0000-005300000000/enabled'
13:45:15.963 [Forwarding isElementEnabled on session 7036209e-17b7-4f35-a666-56ee0ca90363 to remote] DEBUG org.asynchttpclient.netty.request.NettyRequestSender - Using open Channel [id: 0xf0640a44, L:/127.0.0.1:50580 - R:/127.0.0.1:4723] for GET '/wd/hub/session/7036209e-17b7-4f35-a666-56ee0ca90363/element/00000000-0000-008d-0000-005300000000/enabled'
13:45:16.003 [AsyncHttpClient-1-2] DEBUG org.asynchttpclient.netty.handler.HttpHandler - 

Request DefaultFullHttpRequest(decodeResult: success, version: HTTP/1.1, content: EmptyByteBufBE)
GET /wd/hub/session/7036209e-17b7-4f35-a666-56ee0ca90363/element/00000000-0000-008d-0000-005300000000/enabled HTTP/1.1
User-Agent: appium/8.3.0 (selenium/4.8.1 (java windows))
Cache-Control: no-cache
Content-Type: application/json; charset=utf-8
host: 0.0.0.0:4723
accept: */*

Response DefaultHttpResponse(decodeResult: success, version: HTTP/1.1)
HTTP/1.1 200 OK
X-Powered-By: Express
Content-Type: application/json; charset=utf-8
Content-Length: 14
ETag: W/"e-2ZHvAWebNQpyjGZTg6uyV8/spTo"
Date: Wed, 14 Jun 2023 06:45:15 GMT
Connection: keep-alive

13:45:16.003 [AsyncHttpClient-1-2] DEBUG org.asynchttpclient.netty.channel.ChannelManager - Adding key: http://0.0.0.0:4723 for channel [id: 0xf0640a44, L:/127.0.0.1:50580 - R:/127.0.0.1:4723]
13:45:16.006 [Forwarding clickElement on session 7036209e-17b7-4f35-a666-56ee0ca90363 to remote] DEBUG org.asynchttpclient.netty.request.NettyRequestSender - Using pooled Channel '[id: 0xf0640a44, L:/127.0.0.1:50580 - R:/127.0.0.1:4723]' for 'POST' to 'http://0.0.0.0:4723/wd/hub/session/7036209e-17b7-4f35-a666-56ee0ca90363/element/00000000-0000-008d-0000-005300000000/click'
13:45:16.006 [Forwarding clickElement on session 7036209e-17b7-4f35-a666-56ee0ca90363 to remote] DEBUG org.asynchttpclient.netty.request.NettyRequestSender - Using open Channel [id: 0xf0640a44, L:/127.0.0.1:50580 - R:/127.0.0.1:4723] for POST '/wd/hub/session/7036209e-17b7-4f35-a666-56ee0ca90363/element/00000000-0000-008d-0000-005300000000/click'
13:45:16.070 [AsyncHttpClient-1-2] DEBUG org.asynchttpclient.netty.handler.HttpHandler - 

Request DefaultHttpRequest(decodeResult: success, version: HTTP/1.1)
POST /wd/hub/session/7036209e-17b7-4f35-a666-56ee0ca90363/element/00000000-0000-008d-0000-005300000000/click HTTP/1.1
User-Agent: appium/8.3.0 (selenium/4.8.1 (java windows))
Content-Length: 50
Content-Type: application/json; charset=utf-8
host: 0.0.0.0:4723
accept: */*

Response DefaultHttpResponse(decodeResult: success, version: HTTP/1.1)
HTTP/1.1 200 OK
X-Powered-By: Express
Vary: X-HTTP-Method-Override
Content-Type: application/json; charset=utf-8
Content-Length: 14
ETag: W/"e-9/1BuKMgFObM1mWJm+YjxtXJnUM"
Date: Wed, 14 Jun 2023 06:45:16 GMT
Connection: keep-alive

13:45:16.071 [AsyncHttpClient-1-2] DEBUG org.asynchttpclient.netty.channel.ChannelManager - Adding key: http://0.0.0.0:4723 for channel [id: 0xf0640a44, L:/127.0.0.1:50580 - R:/127.0.0.1:4723]
13:45:16.078 [Forwarding findElement on session 7036209e-17b7-4f35-a666-56ee0ca90363 to remote] DEBUG org.asynchttpclient.netty.request.NettyRequestSender - Using pooled Channel '[id: 0xf0640a44, L:/127.0.0.1:50580 - R:/127.0.0.1:4723]' for 'POST' to 'http://0.0.0.0:4723/wd/hub/session/7036209e-17b7-4f35-a666-56ee0ca90363/element'
13:45:16.078 [Forwarding findElement on session 7036209e-17b7-4f35-a666-56ee0ca90363 to remote] DEBUG org.asynchttpclient.netty.request.NettyRequestSender - Using open Channel [id: 0xf0640a44, L:/127.0.0.1:50580 - R:/127.0.0.1:4723] for POST '/wd/hub/session/7036209e-17b7-4f35-a666-56ee0ca90363/element'
13:45:17.179 [AsyncHttpClient-1-2] DEBUG org.asynchttpclient.netty.handler.HttpHandler - 

Request DefaultHttpRequest(decodeResult: success, version: HTTP/1.1)
POST /wd/hub/session/7036209e-17b7-4f35-a666-56ee0ca90363/element HTTP/1.1
User-Agent: appium/8.3.0 (selenium/4.8.1 (java windows))
Content-Length: 354
Content-Type: application/json; charset=utf-8
host: 0.0.0.0:4723
accept: */*

Response DefaultHttpResponse(decodeResult: success, version: HTTP/1.1)
HTTP/1.1 200 OK
X-Powered-By: Express
Vary: X-HTTP-Method-Override
Content-Type: application/json; charset=utf-8
Content-Length: 137
ETag: W/"89-qQpg7+EF6mw5zQKG36CtLsKW8Lk"
Date: Wed, 14 Jun 2023 06:45:17 GMT
Connection: keep-alive

13:45:17.179 [AsyncHttpClient-1-2] DEBUG org.asynchttpclient.netty.channel.ChannelManager - Adding key: http://0.0.0.0:4723 for channel [id: 0xf0640a44, L:/127.0.0.1:50580 - R:/127.0.0.1:4723]
13:45:17.182 [Forwarding sendKeysToElement on session 7036209e-17b7-4f35-a666-56ee0ca90363 to remote] DEBUG org.asynchttpclient.netty.request.NettyRequestSender - Using pooled Channel '[id: 0xf0640a44, L:/127.0.0.1:50580 - R:/127.0.0.1:4723]' for 'POST' to 'http://0.0.0.0:4723/wd/hub/session/7036209e-17b7-4f35-a666-56ee0ca90363/element/00000000-0000-008d-0000-005300000000/value'
13:45:17.182 [Forwarding sendKeysToElement on session 7036209e-17b7-4f35-a666-56ee0ca90363 to remote] DEBUG org.asynchttpclient.netty.request.NettyRequestSender - Using open Channel [id: 0xf0640a44, L:/127.0.0.1:50580 - R:/127.0.0.1:4723] for POST '/wd/hub/session/7036209e-17b7-4f35-a666-56ee0ca90363/element/00000000-0000-008d-0000-005300000000/value'
13:45:17.235 [AsyncHttpClient-1-2] DEBUG org.asynchttpclient.netty.handler.HttpHandler - 

Request DefaultHttpRequest(decodeResult: success, version: HTTP/1.1)
POST /wd/hub/session/7036209e-17b7-4f35-a666-56ee0ca90363/element/00000000-0000-008d-0000-005300000000/value HTTP/1.1
User-Agent: appium/8.3.0 (selenium/4.8.1 (java windows))
Content-Length: 171
Content-Type: application/json; charset=utf-8
host: 0.0.0.0:4723
accept: */*

Response DefaultHttpResponse(decodeResult: success, version: HTTP/1.1)
HTTP/1.1 200 OK
X-Powered-By: Express
Vary: X-HTTP-Method-Override
Content-Type: application/json; charset=utf-8
Content-Length: 14
ETag: W/"e-9/1BuKMgFObM1mWJm+YjxtXJnUM"
Date: Wed, 14 Jun 2023 06:45:17 GMT
Connection: keep-alive

13:45:17.236 [AsyncHttpClient-1-2] DEBUG org.asynchttpclient.netty.channel.ChannelManager - Adding key: http://0.0.0.0:4723 for channel [id: 0xf0640a44, L:/127.0.0.1:50580 - R:/127.0.0.1:4723]
13:45:17.237 [main] DEBUG net.thucydides.core.steps.StepInterceptor - STEP DONE: enterPassword
13:45:17.239 [main] DEBUG net.thucydides.core.steps.StepInterceptor - STARTING STEP: LogoutSteps.enterUserCredentials - clickLoginButton
13:45:17.245 [Forwarding findElement on session 7036209e-17b7-4f35-a666-56ee0ca90363 to remote] DEBUG org.asynchttpclient.netty.request.NettyRequestSender - Using pooled Channel '[id: 0xf0640a44, L:/127.0.0.1:50580 - R:/127.0.0.1:4723]' for 'POST' to 'http://0.0.0.0:4723/wd/hub/session/7036209e-17b7-4f35-a666-56ee0ca90363/element'
13:45:17.246 [Forwarding findElement on session 7036209e-17b7-4f35-a666-56ee0ca90363 to remote] DEBUG org.asynchttpclient.netty.request.NettyRequestSender - Using open Channel [id: 0xf0640a44, L:/127.0.0.1:50580 - R:/127.0.0.1:4723] for POST '/wd/hub/session/7036209e-17b7-4f35-a666-56ee0ca90363/element'
13:45:17.950 [AsyncHttpClient-1-2] DEBUG org.asynchttpclient.netty.handler.HttpHandler - 

Request DefaultHttpRequest(decodeResult: success, version: HTTP/1.1)
POST /wd/hub/session/7036209e-17b7-4f35-a666-56ee0ca90363/element HTTP/1.1
User-Agent: appium/8.3.0 (selenium/4.8.1 (java windows))
Content-Length: 95
Content-Type: application/json; charset=utf-8
host: 0.0.0.0:4723
accept: */*

Response DefaultHttpResponse(decodeResult: success, version: HTTP/1.1)
HTTP/1.1 200 OK
X-Powered-By: Express
Vary: X-HTTP-Method-Override
Content-Type: application/json; charset=utf-8
Content-Length: 137
ETag: W/"89-pl9x1MMmsICAouQJ4gZ4hSSCmG8"
Date: Wed, 14 Jun 2023 06:45:17 GMT
Connection: keep-alive

13:45:17.950 [AsyncHttpClient-1-2] DEBUG org.asynchttpclient.netty.channel.ChannelManager - Adding key: http://0.0.0.0:4723 for channel [id: 0xf0640a44, L:/127.0.0.1:50580 - R:/127.0.0.1:4723]
13:45:17.953 [Forwarding isElementDisplayed on session 7036209e-17b7-4f35-a666-56ee0ca90363 to remote] DEBUG org.asynchttpclient.netty.request.NettyRequestSender - Using pooled Channel '[id: 0xf0640a44, L:/127.0.0.1:50580 - R:/127.0.0.1:4723]' for 'GET' to 'http://0.0.0.0:4723/wd/hub/session/7036209e-17b7-4f35-a666-56ee0ca90363/element/00000000-0000-008d-0000-005900000000/displayed'
13:45:17.953 [Forwarding isElementDisplayed on session 7036209e-17b7-4f35-a666-56ee0ca90363 to remote] DEBUG org.asynchttpclient.netty.request.NettyRequestSender - Using open Channel [id: 0xf0640a44, L:/127.0.0.1:50580 - R:/127.0.0.1:4723] for GET '/wd/hub/session/7036209e-17b7-4f35-a666-56ee0ca90363/element/00000000-0000-008d-0000-005900000000/displayed'
13:45:18.005 [AsyncHttpClient-1-2] DEBUG org.asynchttpclient.netty.handler.HttpHandler - 

Request DefaultFullHttpRequest(decodeResult: success, version: HTTP/1.1, content: EmptyByteBufBE)
GET /wd/hub/session/7036209e-17b7-4f35-a666-56ee0ca90363/element/00000000-0000-008d-0000-005900000000/displayed HTTP/1.1
User-Agent: appium/8.3.0 (selenium/4.8.1 (java windows))
Cache-Control: no-cache
Content-Type: application/json; charset=utf-8
host: 0.0.0.0:4723
accept: */*

Response DefaultHttpResponse(decodeResult: success, version: HTTP/1.1)
HTTP/1.1 200 OK
X-Powered-By: Express
Content-Type: application/json; charset=utf-8
Content-Length: 14
ETag: W/"e-2ZHvAWebNQpyjGZTg6uyV8/spTo"
Date: Wed, 14 Jun 2023 06:45:18 GMT
Connection: keep-alive

13:45:18.006 [AsyncHttpClient-1-2] DEBUG org.asynchttpclient.netty.channel.ChannelManager - Adding key: http://0.0.0.0:4723 for channel [id: 0xf0640a44, L:/127.0.0.1:50580 - R:/127.0.0.1:4723]
13:45:18.009 [Forwarding isElementEnabled on session 7036209e-17b7-4f35-a666-56ee0ca90363 to remote] DEBUG org.asynchttpclient.netty.request.NettyRequestSender - Using pooled Channel '[id: 0xf0640a44, L:/127.0.0.1:50580 - R:/127.0.0.1:4723]' for 'GET' to 'http://0.0.0.0:4723/wd/hub/session/7036209e-17b7-4f35-a666-56ee0ca90363/element/00000000-0000-008d-0000-005900000000/enabled'
13:45:18.009 [Forwarding isElementEnabled on session 7036209e-17b7-4f35-a666-56ee0ca90363 to remote] DEBUG org.asynchttpclient.netty.request.NettyRequestSender - Using open Channel [id: 0xf0640a44, L:/127.0.0.1:50580 - R:/127.0.0.1:4723] for GET '/wd/hub/session/7036209e-17b7-4f35-a666-56ee0ca90363/element/00000000-0000-008d-0000-005900000000/enabled'
13:45:18.051 [AsyncHttpClient-1-2] DEBUG org.asynchttpclient.netty.handler.HttpHandler - 

Request DefaultFullHttpRequest(decodeResult: success, version: HTTP/1.1, content: EmptyByteBufBE)
GET /wd/hub/session/7036209e-17b7-4f35-a666-56ee0ca90363/element/00000000-0000-008d-0000-005900000000/enabled HTTP/1.1
User-Agent: appium/8.3.0 (selenium/4.8.1 (java windows))
Cache-Control: no-cache
Content-Type: application/json; charset=utf-8
host: 0.0.0.0:4723
accept: */*

Response DefaultHttpResponse(decodeResult: success, version: HTTP/1.1)
HTTP/1.1 200 OK
X-Powered-By: Express
Content-Type: application/json; charset=utf-8
Content-Length: 14
ETag: W/"e-2ZHvAWebNQpyjGZTg6uyV8/spTo"
Date: Wed, 14 Jun 2023 06:45:18 GMT
Connection: keep-alive

13:45:18.052 [AsyncHttpClient-1-2] DEBUG org.asynchttpclient.netty.channel.ChannelManager - Adding key: http://0.0.0.0:4723 for channel [id: 0xf0640a44, L:/127.0.0.1:50580 - R:/127.0.0.1:4723]
13:45:18.054 [Forwarding clickElement on session 7036209e-17b7-4f35-a666-56ee0ca90363 to remote] DEBUG org.asynchttpclient.netty.request.NettyRequestSender - Using pooled Channel '[id: 0xf0640a44, L:/127.0.0.1:50580 - R:/127.0.0.1:4723]' for 'POST' to 'http://0.0.0.0:4723/wd/hub/session/7036209e-17b7-4f35-a666-56ee0ca90363/element/00000000-0000-008d-0000-005900000000/click'
13:45:18.055 [Forwarding clickElement on session 7036209e-17b7-4f35-a666-56ee0ca90363 to remote] DEBUG org.asynchttpclient.netty.request.NettyRequestSender - Using open Channel [id: 0xf0640a44, L:/127.0.0.1:50580 - R:/127.0.0.1:4723] for POST '/wd/hub/session/7036209e-17b7-4f35-a666-56ee0ca90363/element/00000000-0000-008d-0000-005900000000/click'
13:45:18.128 [AsyncHttpClient-1-2] DEBUG org.asynchttpclient.netty.handler.HttpHandler - 

Request DefaultHttpRequest(decodeResult: success, version: HTTP/1.1)
POST /wd/hub/session/7036209e-17b7-4f35-a666-56ee0ca90363/element/00000000-0000-008d-0000-005900000000/click HTTP/1.1
User-Agent: appium/8.3.0 (selenium/4.8.1 (java windows))
Content-Length: 50
Content-Type: application/json; charset=utf-8
host: 0.0.0.0:4723
accept: */*

Response DefaultHttpResponse(decodeResult: success, version: HTTP/1.1)
HTTP/1.1 200 OK
X-Powered-By: Express
Vary: X-HTTP-Method-Override
Content-Type: application/json; charset=utf-8
Content-Length: 14
ETag: W/"e-9/1BuKMgFObM1mWJm+YjxtXJnUM"
Date: Wed, 14 Jun 2023 06:45:18 GMT
Connection: keep-alive

13:45:18.128 [AsyncHttpClient-1-2] DEBUG org.asynchttpclient.netty.channel.ChannelManager - Adding key: http://0.0.0.0:4723 for channel [id: 0xf0640a44, L:/127.0.0.1:50580 - R:/127.0.0.1:4723]
13:45:18.130 [main] DEBUG net.thucydides.core.steps.StepInterceptor - STEP DONE: clickLoginButton
]]></system-out>
  </testcase>
  <testcase name="I go to user profile page" classname="User cancel logout" time="3.12">
    <system-out><![CDATA[13:45:18.173 [main] DEBUG net.thucydides.core.steps.StepInterceptor - STARTING STEP: LogoutSteps.toUserProfile - toProfile
13:45:18.181 [Forwarding findElement on session 7036209e-17b7-4f35-a666-56ee0ca90363 to remote] DEBUG org.asynchttpclient.netty.request.NettyRequestSender - Using pooled Channel '[id: 0xf0640a44, L:/127.0.0.1:50580 - R:/127.0.0.1:4723]' for 'POST' to 'http://0.0.0.0:4723/wd/hub/session/7036209e-17b7-4f35-a666-56ee0ca90363/element'
13:45:18.181 [Forwarding findElement on session 7036209e-17b7-4f35-a666-56ee0ca90363 to remote] DEBUG org.asynchttpclient.netty.request.NettyRequestSender - Using open Channel [id: 0xf0640a44, L:/127.0.0.1:50580 - R:/127.0.0.1:4723] for POST '/wd/hub/session/7036209e-17b7-4f35-a666-56ee0ca90363/element'
13:45:21.170 [AsyncHttpClient-1-2] DEBUG org.asynchttpclient.netty.handler.HttpHandler - 

Request DefaultHttpRequest(decodeResult: success, version: HTTP/1.1)
POST /wd/hub/session/7036209e-17b7-4f35-a666-56ee0ca90363/element HTTP/1.1
User-Agent: appium/8.3.0 (selenium/4.8.1 (java windows))
Content-Length: 105
Content-Type: application/json; charset=utf-8
host: 0.0.0.0:4723
accept: */*

Response DefaultHttpResponse(decodeResult: success, version: HTTP/1.1)
HTTP/1.1 200 OK
X-Powered-By: Express
Vary: X-HTTP-Method-Override
Content-Type: application/json; charset=utf-8
Content-Length: 137
ETag: W/"89-sAPRQmS9Z9eRhW3GevhfxU0jljk"
Date: Wed, 14 Jun 2023 06:45:21 GMT
Connection: keep-alive

13:45:21.171 [AsyncHttpClient-1-2] DEBUG org.asynchttpclient.netty.channel.ChannelManager - Adding key: http://0.0.0.0:4723 for channel [id: 0xf0640a44, L:/127.0.0.1:50580 - R:/127.0.0.1:4723]
13:45:21.173 [Forwarding isElementDisplayed on session 7036209e-17b7-4f35-a666-56ee0ca90363 to remote] DEBUG org.asynchttpclient.netty.request.NettyRequestSender - Using pooled Channel '[id: 0xf0640a44, L:/127.0.0.1:50580 - R:/127.0.0.1:4723]' for 'GET' to 'http://0.0.0.0:4723/wd/hub/session/7036209e-17b7-4f35-a666-56ee0ca90363/element/00000000-0000-008d-0000-007d00000000/displayed'
13:45:21.173 [Forwarding isElementDisplayed on session 7036209e-17b7-4f35-a666-56ee0ca90363 to remote] DEBUG org.asynchttpclient.netty.request.NettyRequestSender - Using open Channel [id: 0xf0640a44, L:/127.0.0.1:50580 - R:/127.0.0.1:4723] for GET '/wd/hub/session/7036209e-17b7-4f35-a666-56ee0ca90363/element/00000000-0000-008d-0000-007d00000000/displayed'
13:45:21.195 [AsyncHttpClient-1-2] DEBUG org.asynchttpclient.netty.handler.HttpHandler - 

Request DefaultFullHttpRequest(decodeResult: success, version: HTTP/1.1, content: EmptyByteBufBE)
GET /wd/hub/session/7036209e-17b7-4f35-a666-56ee0ca90363/element/00000000-0000-008d-0000-007d00000000/displayed HTTP/1.1
User-Agent: appium/8.3.0 (selenium/4.8.1 (java windows))
Cache-Control: no-cache
Content-Type: application/json; charset=utf-8
host: 0.0.0.0:4723
accept: */*

Response DefaultHttpResponse(decodeResult: success, version: HTTP/1.1)
HTTP/1.1 200 OK
X-Powered-By: Express
Content-Type: application/json; charset=utf-8
Content-Length: 14
ETag: W/"e-2ZHvAWebNQpyjGZTg6uyV8/spTo"
Date: Wed, 14 Jun 2023 06:45:21 GMT
Connection: keep-alive

13:45:21.196 [AsyncHttpClient-1-2] DEBUG org.asynchttpclient.netty.channel.ChannelManager - Adding key: http://0.0.0.0:4723 for channel [id: 0xf0640a44, L:/127.0.0.1:50580 - R:/127.0.0.1:4723]
13:45:21.199 [Forwarding isElementEnabled on session 7036209e-17b7-4f35-a666-56ee0ca90363 to remote] DEBUG org.asynchttpclient.netty.request.NettyRequestSender - Using pooled Channel '[id: 0xf0640a44, L:/127.0.0.1:50580 - R:/127.0.0.1:4723]' for 'GET' to 'http://0.0.0.0:4723/wd/hub/session/7036209e-17b7-4f35-a666-56ee0ca90363/element/00000000-0000-008d-0000-007d00000000/enabled'
13:45:21.199 [Forwarding isElementEnabled on session 7036209e-17b7-4f35-a666-56ee0ca90363 to remote] DEBUG org.asynchttpclient.netty.request.NettyRequestSender - Using open Channel [id: 0xf0640a44, L:/127.0.0.1:50580 - R:/127.0.0.1:4723] for GET '/wd/hub/session/7036209e-17b7-4f35-a666-56ee0ca90363/element/00000000-0000-008d-0000-007d00000000/enabled'
13:45:21.229 [AsyncHttpClient-1-2] DEBUG org.asynchttpclient.netty.handler.HttpHandler - 

Request DefaultFullHttpRequest(decodeResult: success, version: HTTP/1.1, content: EmptyByteBufBE)
GET /wd/hub/session/7036209e-17b7-4f35-a666-56ee0ca90363/element/00000000-0000-008d-0000-007d00000000/enabled HTTP/1.1
User-Agent: appium/8.3.0 (selenium/4.8.1 (java windows))
Cache-Control: no-cache
Content-Type: application/json; charset=utf-8
host: 0.0.0.0:4723
accept: */*

Response DefaultHttpResponse(decodeResult: success, version: HTTP/1.1)
HTTP/1.1 200 OK
X-Powered-By: Express
Content-Type: application/json; charset=utf-8
Content-Length: 14
ETag: W/"e-2ZHvAWebNQpyjGZTg6uyV8/spTo"
Date: Wed, 14 Jun 2023 06:45:21 GMT
Connection: keep-alive

13:45:21.229 [AsyncHttpClient-1-2] DEBUG org.asynchttpclient.netty.channel.ChannelManager - Adding key: http://0.0.0.0:4723 for channel [id: 0xf0640a44, L:/127.0.0.1:50580 - R:/127.0.0.1:4723]
13:45:21.231 [Forwarding clickElement on session 7036209e-17b7-4f35-a666-56ee0ca90363 to remote] DEBUG org.asynchttpclient.netty.request.NettyRequestSender - Using pooled Channel '[id: 0xf0640a44, L:/127.0.0.1:50580 - R:/127.0.0.1:4723]' for 'POST' to 'http://0.0.0.0:4723/wd/hub/session/7036209e-17b7-4f35-a666-56ee0ca90363/element/00000000-0000-008d-0000-007d00000000/click'
13:45:21.231 [Forwarding clickElement on session 7036209e-17b7-4f35-a666-56ee0ca90363 to remote] DEBUG org.asynchttpclient.netty.request.NettyRequestSender - Using open Channel [id: 0xf0640a44, L:/127.0.0.1:50580 - R:/127.0.0.1:4723] for POST '/wd/hub/session/7036209e-17b7-4f35-a666-56ee0ca90363/element/00000000-0000-008d-0000-007d00000000/click'
13:45:21.276 [AsyncHttpClient-1-2] DEBUG org.asynchttpclient.netty.handler.HttpHandler - 

Request DefaultHttpRequest(decodeResult: success, version: HTTP/1.1)
POST /wd/hub/session/7036209e-17b7-4f35-a666-56ee0ca90363/element/00000000-0000-008d-0000-007d00000000/click HTTP/1.1
User-Agent: appium/8.3.0 (selenium/4.8.1 (java windows))
Content-Length: 50
Content-Type: application/json; charset=utf-8
host: 0.0.0.0:4723
accept: */*

Response DefaultHttpResponse(decodeResult: success, version: HTTP/1.1)
HTTP/1.1 200 OK
X-Powered-By: Express
Vary: X-HTTP-Method-Override
Content-Type: application/json; charset=utf-8
Content-Length: 14
ETag: W/"e-9/1BuKMgFObM1mWJm+YjxtXJnUM"
Date: Wed, 14 Jun 2023 06:45:21 GMT
Connection: keep-alive

13:45:21.277 [AsyncHttpClient-1-2] DEBUG org.asynchttpclient.netty.channel.ChannelManager - Adding key: http://0.0.0.0:4723 for channel [id: 0xf0640a44, L:/127.0.0.1:50580 - R:/127.0.0.1:4723]
13:45:21.278 [main] DEBUG net.thucydides.core.steps.StepInterceptor - STEP DONE: toProfile
]]></system-out>
  </testcase>
  <testcase name="Click sign out button" classname="User cancel logout" time="1.296">
    <system-out><![CDATA[13:45:21.290 [main] DEBUG net.thucydides.core.steps.StepInterceptor - STARTING STEP: LogoutSteps.clickSignOutButton - clickSignOut
13:45:21.294 [Forwarding findElement on session 7036209e-17b7-4f35-a666-56ee0ca90363 to remote] DEBUG org.asynchttpclient.netty.request.NettyRequestSender - Using pooled Channel '[id: 0xf0640a44, L:/127.0.0.1:50580 - R:/127.0.0.1:4723]' for 'POST' to 'http://0.0.0.0:4723/wd/hub/session/7036209e-17b7-4f35-a666-56ee0ca90363/element'
13:45:21.295 [Forwarding findElement on session 7036209e-17b7-4f35-a666-56ee0ca90363 to remote] DEBUG org.asynchttpclient.netty.request.NettyRequestSender - Using open Channel [id: 0xf0640a44, L:/127.0.0.1:50580 - R:/127.0.0.1:4723] for POST '/wd/hub/session/7036209e-17b7-4f35-a666-56ee0ca90363/element'
13:45:22.472 [AsyncHttpClient-1-2] DEBUG org.asynchttpclient.netty.handler.HttpHandler - 

Request DefaultHttpRequest(decodeResult: success, version: HTTP/1.1)
POST /wd/hub/session/7036209e-17b7-4f35-a666-56ee0ca90363/element HTTP/1.1
User-Agent: appium/8.3.0 (selenium/4.8.1 (java windows))
Content-Length: 98
Content-Type: application/json; charset=utf-8
host: 0.0.0.0:4723
accept: */*

Response DefaultHttpResponse(decodeResult: success, version: HTTP/1.1)
HTTP/1.1 200 OK
X-Powered-By: Express
Vary: X-HTTP-Method-Override
Content-Type: application/json; charset=utf-8
Content-Length: 137
ETag: W/"89-jUf/+BxNAs0muVJ2xByhnrzJESI"
Date: Wed, 14 Jun 2023 06:45:22 GMT
Connection: keep-alive

13:45:22.472 [AsyncHttpClient-1-2] DEBUG org.asynchttpclient.netty.channel.ChannelManager - Adding key: http://0.0.0.0:4723 for channel [id: 0xf0640a44, L:/127.0.0.1:50580 - R:/127.0.0.1:4723]
13:45:22.474 [Forwarding isElementDisplayed on session 7036209e-17b7-4f35-a666-56ee0ca90363 to remote] DEBUG org.asynchttpclient.netty.request.NettyRequestSender - Using pooled Channel '[id: 0xf0640a44, L:/127.0.0.1:50580 - R:/127.0.0.1:4723]' for 'GET' to 'http://0.0.0.0:4723/wd/hub/session/7036209e-17b7-4f35-a666-56ee0ca90363/element/00000000-0000-008d-0000-00d000000000/displayed'
13:45:22.474 [Forwarding isElementDisplayed on session 7036209e-17b7-4f35-a666-56ee0ca90363 to remote] DEBUG org.asynchttpclient.netty.request.NettyRequestSender - Using open Channel [id: 0xf0640a44, L:/127.0.0.1:50580 - R:/127.0.0.1:4723] for GET '/wd/hub/session/7036209e-17b7-4f35-a666-56ee0ca90363/element/00000000-0000-008d-0000-00d000000000/displayed'
13:45:22.502 [AsyncHttpClient-1-2] DEBUG org.asynchttpclient.netty.handler.HttpHandler - 

Request DefaultFullHttpRequest(decodeResult: success, version: HTTP/1.1, content: EmptyByteBufBE)
GET /wd/hub/session/7036209e-17b7-4f35-a666-56ee0ca90363/element/00000000-0000-008d-0000-00d000000000/displayed HTTP/1.1
User-Agent: appium/8.3.0 (selenium/4.8.1 (java windows))
Cache-Control: no-cache
Content-Type: application/json; charset=utf-8
host: 0.0.0.0:4723
accept: */*

Response DefaultHttpResponse(decodeResult: success, version: HTTP/1.1)
HTTP/1.1 200 OK
X-Powered-By: Express
Content-Type: application/json; charset=utf-8
Content-Length: 14
ETag: W/"e-2ZHvAWebNQpyjGZTg6uyV8/spTo"
Date: Wed, 14 Jun 2023 06:45:22 GMT
Connection: keep-alive

13:45:22.503 [AsyncHttpClient-1-2] DEBUG org.asynchttpclient.netty.channel.ChannelManager - Adding key: http://0.0.0.0:4723 for channel [id: 0xf0640a44, L:/127.0.0.1:50580 - R:/127.0.0.1:4723]
13:45:22.504 [Forwarding isElementEnabled on session 7036209e-17b7-4f35-a666-56ee0ca90363 to remote] DEBUG org.asynchttpclient.netty.request.NettyRequestSender - Using pooled Channel '[id: 0xf0640a44, L:/127.0.0.1:50580 - R:/127.0.0.1:4723]' for 'GET' to 'http://0.0.0.0:4723/wd/hub/session/7036209e-17b7-4f35-a666-56ee0ca90363/element/00000000-0000-008d-0000-00d000000000/enabled'
13:45:22.505 [Forwarding isElementEnabled on session 7036209e-17b7-4f35-a666-56ee0ca90363 to remote] DEBUG org.asynchttpclient.netty.request.NettyRequestSender - Using open Channel [id: 0xf0640a44, L:/127.0.0.1:50580 - R:/127.0.0.1:4723] for GET '/wd/hub/session/7036209e-17b7-4f35-a666-56ee0ca90363/element/00000000-0000-008d-0000-00d000000000/enabled'
13:45:22.531 [AsyncHttpClient-1-2] DEBUG org.asynchttpclient.netty.handler.HttpHandler - 

Request DefaultFullHttpRequest(decodeResult: success, version: HTTP/1.1, content: EmptyByteBufBE)
GET /wd/hub/session/7036209e-17b7-4f35-a666-56ee0ca90363/element/00000000-0000-008d-0000-00d000000000/enabled HTTP/1.1
User-Agent: appium/8.3.0 (selenium/4.8.1 (java windows))
Cache-Control: no-cache
Content-Type: application/json; charset=utf-8
host: 0.0.0.0:4723
accept: */*

Response DefaultHttpResponse(decodeResult: success, version: HTTP/1.1)
HTTP/1.1 200 OK
X-Powered-By: Express
Content-Type: application/json; charset=utf-8
Content-Length: 14
ETag: W/"e-2ZHvAWebNQpyjGZTg6uyV8/spTo"
Date: Wed, 14 Jun 2023 06:45:22 GMT
Connection: keep-alive

13:45:22.532 [AsyncHttpClient-1-2] DEBUG org.asynchttpclient.netty.channel.ChannelManager - Adding key: http://0.0.0.0:4723 for channel [id: 0xf0640a44, L:/127.0.0.1:50580 - R:/127.0.0.1:4723]
13:45:22.534 [Forwarding clickElement on session 7036209e-17b7-4f35-a666-56ee0ca90363 to remote] DEBUG org.asynchttpclient.netty.request.NettyRequestSender - Using pooled Channel '[id: 0xf0640a44, L:/127.0.0.1:50580 - R:/127.0.0.1:4723]' for 'POST' to 'http://0.0.0.0:4723/wd/hub/session/7036209e-17b7-4f35-a666-56ee0ca90363/element/00000000-0000-008d-0000-00d000000000/click'
13:45:22.534 [Forwarding clickElement on session 7036209e-17b7-4f35-a666-56ee0ca90363 to remote] DEBUG org.asynchttpclient.netty.request.NettyRequestSender - Using open Channel [id: 0xf0640a44, L:/127.0.0.1:50580 - R:/127.0.0.1:4723] for POST '/wd/hub/session/7036209e-17b7-4f35-a666-56ee0ca90363/element/00000000-0000-008d-0000-00d000000000/click'
13:45:22.578 [AsyncHttpClient-1-2] DEBUG org.asynchttpclient.netty.handler.HttpHandler - 

Request DefaultHttpRequest(decodeResult: success, version: HTTP/1.1)
POST /wd/hub/session/7036209e-17b7-4f35-a666-56ee0ca90363/element/00000000-0000-008d-0000-00d000000000/click HTTP/1.1
User-Agent: appium/8.3.0 (selenium/4.8.1 (java windows))
Content-Length: 50
Content-Type: application/json; charset=utf-8
host: 0.0.0.0:4723
accept: */*

Response DefaultHttpResponse(decodeResult: success, version: HTTP/1.1)
HTTP/1.1 200 OK
X-Powered-By: Express
Vary: X-HTTP-Method-Override
Content-Type: application/json; charset=utf-8
Content-Length: 14
ETag: W/"e-9/1BuKMgFObM1mWJm+YjxtXJnUM"
Date: Wed, 14 Jun 2023 06:45:22 GMT
Connection: keep-alive

13:45:22.578 [AsyncHttpClient-1-2] DEBUG org.asynchttpclient.netty.channel.ChannelManager - Adding key: http://0.0.0.0:4723 for channel [id: 0xf0640a44, L:/127.0.0.1:50580 - R:/127.0.0.1:4723]
13:45:22.580 [main] DEBUG net.thucydides.core.steps.StepInterceptor - STEP DONE: clickSignOut
]]></system-out>
  </testcase>
  <testcase name="Click maybe later" classname="User cancel logout" time="0.745">
    <system-out><![CDATA[13:45:22.594 [main] DEBUG net.thucydides.core.steps.StepInterceptor - STARTING STEP: LogoutSteps.clickLater - clickLater
13:45:22.598 [Forwarding findElement on session 7036209e-17b7-4f35-a666-56ee0ca90363 to remote] DEBUG org.asynchttpclient.netty.request.NettyRequestSender - Using pooled Channel '[id: 0xf0640a44, L:/127.0.0.1:50580 - R:/127.0.0.1:4723]' for 'POST' to 'http://0.0.0.0:4723/wd/hub/session/7036209e-17b7-4f35-a666-56ee0ca90363/element'
13:45:22.598 [Forwarding findElement on session 7036209e-17b7-4f35-a666-56ee0ca90363 to remote] DEBUG org.asynchttpclient.netty.request.NettyRequestSender - Using open Channel [id: 0xf0640a44, L:/127.0.0.1:50580 - R:/127.0.0.1:4723] for POST '/wd/hub/session/7036209e-17b7-4f35-a666-56ee0ca90363/element'
13:45:23.215 [AsyncHttpClient-1-2] DEBUG org.asynchttpclient.netty.handler.HttpHandler - 

Request DefaultHttpRequest(decodeResult: success, version: HTTP/1.1)
POST /wd/hub/session/7036209e-17b7-4f35-a666-56ee0ca90363/element HTTP/1.1
User-Agent: appium/8.3.0 (selenium/4.8.1 (java windows))
Content-Length: 102
Content-Type: application/json; charset=utf-8
host: 0.0.0.0:4723
accept: */*

Response DefaultHttpResponse(decodeResult: success, version: HTTP/1.1)
HTTP/1.1 200 OK
X-Powered-By: Express
Vary: X-HTTP-Method-Override
Content-Type: application/json; charset=utf-8
Content-Length: 137
ETag: W/"89-8XG1Wx42w04jtZUpQCgseRTfQ7E"
Date: Wed, 14 Jun 2023 06:45:23 GMT
Connection: keep-alive

13:45:23.216 [AsyncHttpClient-1-2] DEBUG org.asynchttpclient.netty.channel.ChannelManager - Adding key: http://0.0.0.0:4723 for channel [id: 0xf0640a44, L:/127.0.0.1:50580 - R:/127.0.0.1:4723]
13:45:23.218 [Forwarding isElementDisplayed on session 7036209e-17b7-4f35-a666-56ee0ca90363 to remote] DEBUG org.asynchttpclient.netty.request.NettyRequestSender - Using pooled Channel '[id: 0xf0640a44, L:/127.0.0.1:50580 - R:/127.0.0.1:4723]' for 'GET' to 'http://0.0.0.0:4723/wd/hub/session/7036209e-17b7-4f35-a666-56ee0ca90363/element/00000000-0000-008d-0000-00df00000000/displayed'
13:45:23.219 [Forwarding isElementDisplayed on session 7036209e-17b7-4f35-a666-56ee0ca90363 to remote] DEBUG org.asynchttpclient.netty.request.NettyRequestSender - Using open Channel [id: 0xf0640a44, L:/127.0.0.1:50580 - R:/127.0.0.1:4723] for GET '/wd/hub/session/7036209e-17b7-4f35-a666-56ee0ca90363/element/00000000-0000-008d-0000-00df00000000/displayed'
13:45:23.247 [AsyncHttpClient-1-2] DEBUG org.asynchttpclient.netty.handler.HttpHandler - 

Request DefaultFullHttpRequest(decodeResult: success, version: HTTP/1.1, content: EmptyByteBufBE)
GET /wd/hub/session/7036209e-17b7-4f35-a666-56ee0ca90363/element/00000000-0000-008d-0000-00df00000000/displayed HTTP/1.1
User-Agent: appium/8.3.0 (selenium/4.8.1 (java windows))
Cache-Control: no-cache
Content-Type: application/json; charset=utf-8
host: 0.0.0.0:4723
accept: */*

Response DefaultHttpResponse(decodeResult: success, version: HTTP/1.1)
HTTP/1.1 200 OK
X-Powered-By: Express
Content-Type: application/json; charset=utf-8
Content-Length: 14
ETag: W/"e-2ZHvAWebNQpyjGZTg6uyV8/spTo"
Date: Wed, 14 Jun 2023 06:45:23 GMT
Connection: keep-alive

13:45:23.248 [AsyncHttpClient-1-2] DEBUG org.asynchttpclient.netty.channel.ChannelManager - Adding key: http://0.0.0.0:4723 for channel [id: 0xf0640a44, L:/127.0.0.1:50580 - R:/127.0.0.1:4723]
13:45:23.250 [Forwarding isElementEnabled on session 7036209e-17b7-4f35-a666-56ee0ca90363 to remote] DEBUG org.asynchttpclient.netty.request.NettyRequestSender - Using pooled Channel '[id: 0xf0640a44, L:/127.0.0.1:50580 - R:/127.0.0.1:4723]' for 'GET' to 'http://0.0.0.0:4723/wd/hub/session/7036209e-17b7-4f35-a666-56ee0ca90363/element/00000000-0000-008d-0000-00df00000000/enabled'
13:45:23.250 [Forwarding isElementEnabled on session 7036209e-17b7-4f35-a666-56ee0ca90363 to remote] DEBUG org.asynchttpclient.netty.request.NettyRequestSender - Using open Channel [id: 0xf0640a44, L:/127.0.0.1:50580 - R:/127.0.0.1:4723] for GET '/wd/hub/session/7036209e-17b7-4f35-a666-56ee0ca90363/element/00000000-0000-008d-0000-00df00000000/enabled'
13:45:23.282 [AsyncHttpClient-1-2] DEBUG org.asynchttpclient.netty.handler.HttpHandler - 

Request DefaultFullHttpRequest(decodeResult: success, version: HTTP/1.1, content: EmptyByteBufBE)
GET /wd/hub/session/7036209e-17b7-4f35-a666-56ee0ca90363/element/00000000-0000-008d-0000-00df00000000/enabled HTTP/1.1
User-Agent: appium/8.3.0 (selenium/4.8.1 (java windows))
Cache-Control: no-cache
Content-Type: application/json; charset=utf-8
host: 0.0.0.0:4723
accept: */*

Response DefaultHttpResponse(decodeResult: success, version: HTTP/1.1)
HTTP/1.1 200 OK
X-Powered-By: Express
Content-Type: application/json; charset=utf-8
Content-Length: 14
ETag: W/"e-2ZHvAWebNQpyjGZTg6uyV8/spTo"
Date: Wed, 14 Jun 2023 06:45:23 GMT
Connection: keep-alive

13:45:23.283 [AsyncHttpClient-1-2] DEBUG org.asynchttpclient.netty.channel.ChannelManager - Adding key: http://0.0.0.0:4723 for channel [id: 0xf0640a44, L:/127.0.0.1:50580 - R:/127.0.0.1:4723]
13:45:23.285 [Forwarding clickElement on session 7036209e-17b7-4f35-a666-56ee0ca90363 to remote] DEBUG org.asynchttpclient.netty.request.NettyRequestSender - Using pooled Channel '[id: 0xf0640a44, L:/127.0.0.1:50580 - R:/127.0.0.1:4723]' for 'POST' to 'http://0.0.0.0:4723/wd/hub/session/7036209e-17b7-4f35-a666-56ee0ca90363/element/00000000-0000-008d-0000-00df00000000/click'
13:45:23.285 [Forwarding clickElement on session 7036209e-17b7-4f35-a666-56ee0ca90363 to remote] DEBUG org.asynchttpclient.netty.request.NettyRequestSender - Using open Channel [id: 0xf0640a44, L:/127.0.0.1:50580 - R:/127.0.0.1:4723] for POST '/wd/hub/session/7036209e-17b7-4f35-a666-56ee0ca90363/element/00000000-0000-008d-0000-00df00000000/click'
13:45:23.330 [AsyncHttpClient-1-2] DEBUG org.asynchttpclient.netty.handler.HttpHandler - 

Request DefaultHttpRequest(decodeResult: success, version: HTTP/1.1)
POST /wd/hub/session/7036209e-17b7-4f35-a666-56ee0ca90363/element/00000000-0000-008d-0000-00df00000000/click HTTP/1.1
User-Agent: appium/8.3.0 (selenium/4.8.1 (java windows))
Content-Length: 50
Content-Type: application/json; charset=utf-8
host: 0.0.0.0:4723
accept: */*

Response DefaultHttpResponse(decodeResult: success, version: HTTP/1.1)
HTTP/1.1 200 OK
X-Powered-By: Express
Vary: X-HTTP-Method-Override
Content-Type: application/json; charset=utf-8
Content-Length: 14
ETag: W/"e-9/1BuKMgFObM1mWJm+YjxtXJnUM"
Date: Wed, 14 Jun 2023 06:45:23 GMT
Connection: keep-alive

13:45:23.330 [AsyncHttpClient-1-2] DEBUG org.asynchttpclient.netty.channel.ChannelManager - Adding key: http://0.0.0.0:4723 for channel [id: 0xf0640a44, L:/127.0.0.1:50580 - R:/127.0.0.1:4723]
13:45:23.331 [main] DEBUG net.thucydides.core.steps.StepInterceptor - STEP DONE: clickLater
]]></system-out>
  </testcase>
  <testcase name="I cancel logout" classname="User cancel logout" time="0.005"/>
</testsuite>